<?xml version="1.0" encoding="UTF-8"?>
<!-- Generated by org.testng.reporters.JUnitReportReporter -->
<testsuite hostname="DVTL8HM6GS1" failures="0" tests="3" name="Loans.PersonalLoans2" time="0.001" errors="0" timestamp="2021-10-28T11:39:15 SAST" skipped="0">
  <testcase classname="Loans.PersonalLoans2" name="fiveTest" time="0.000"/>
  <system-out/>
  <testcase classname="Loans.PersonalLoans2" name="personalLoanFraud" time="0.000"/>
  <system-out/>
  <testcase classname="Loans.PersonalLoans2" name="sixTest" time="0.001"/>
  <system-out/>
</testsuite> <!-- Loans.PersonalLoans2 -->
