<?xml version="1.0" encoding="UTF-8"?>
<!-- Generated by org.testng.reporters.JUnitReportReporter -->
<testsuite hostname="DVTL8HM6GS1" failures="0" tests="4" name="Loans.Homeloans2" time="0.007" errors="0" timestamp="2021-10-28T11:39:15 SAST" skipped="0">
  <testcase classname="Loans.Homeloans2" name="fourthTest" time="0.001"/>
  <system-out/>
  <testcase classname="Loans.Homeloans2" name="propertFraud" time="0.000"/>
  <system-out/>
  <testcase classname="Loans.Homeloans2" name="home2LoanFraud" time="0.000"/>
  <system-out/>
  <testcase classname="Loans.Homeloans2" name="thirdTest" time="0.006"/>
  <system-out>
    <![CDATA[Expected ----------------Almost passed
actual--------------------Test passed]]>
  </system-out>
</testsuite> <!-- Loans.Homeloans2 -->
