<?xml version="1.0" encoding="UTF-8"?>
<!-- Generated by org.testng.reporters.JUnitReportReporter -->
<testsuite hostname="DVTL8HM6GS1" failures="0" tests="3" name="Loans.VehicleLoans" time="0.005" errors="0" timestamp="2021-10-28T11:39:15 SAST" skipped="0">
  <testcase classname="Loans.VehicleLoans" name="vehicleLoanFraud" time="0.003"/>
  <system-out/>
  <testcase classname="Loans.VehicleLoans" name="nineTest" time="0.000"/>
  <system-out/>
  <testcase classname="Loans.VehicleLoans" name="tenTest" time="0.002"/>
  <system-out/>
</testsuite> <!-- Loans.VehicleLoans -->
